[0m11:17:15.245226 [debug] [MainThread]: Sending event: {'category': 'dbt', 'action': 'invocation', 'label': 'start', 'context': [<snowplow_tracker.self_describing_json.SelfDescribingJson object at 0x72e3897ba290>, <snowplow_tracker.self_describing_json.SelfDescribingJson object at 0x72e385a0ef50>, <snowplow_tracker.self_describing_json.SelfDescribingJson object at 0x72e385a0f250>]}


============================== 11:17:15.247970 | 413d44c9-23f6-41bd-9410-17d8a773322d ==============================
[0m11:17:15.247970 [info ] [MainThread]: Running with dbt=1.8.8
[0m11:17:15.248502 [debug] [MainThread]: running dbt with arguments {'printer_width': '80', 'indirect_selection': 'eager', 'log_cache_events': 'False', 'write_json': 'True', 'partial_parse': 'True', 'cache_selected_only': 'False', 'profiles_dir': '/home/jtsarmento/.dbt', 'version_check': 'True', 'fail_fast': 'False', 'log_path': 'logs', 'warn_error': 'None', 'debug': 'False', 'use_colors': 'True', 'use_experimental_parser': 'False', 'empty': 'None', 'quiet': 'False', 'no_print': 'None', 'warn_error_options': 'WarnErrorOptions(include=[], exclude=[])', 'invocation_command': 'dbt init dbt_project', 'introspect': 'True', 'static_parser': 'True', 'target_path': 'None', 'log_format': 'default', 'send_anonymous_usage_stats': 'True'}
[0m11:17:15.254446 [debug] [MainThread]: Starter project path: /home/jtsarmento/.local/lib/python3.10/site-packages/dbt/include/starter_project
[0m11:17:15.256437 [info ] [MainThread]: 
Your new dbt project "dbt_project" was created!

For more information on how to configure the profiles.yml file,
please consult the dbt documentation here:

  https://docs.getdbt.com/docs/configure-your-profile

One more thing:

Need help? Don't hesitate to reach out to us via GitHub issues or on Slack:

  https://community.getdbt.com/

Happy modeling!

[0m11:17:15.256663 [info ] [MainThread]: Setting up your profile.
[0m11:21:01.512922 [info ] [MainThread]: Profile dbt_project written to /home/jtsarmento/.dbt/profiles.yml using target's profile_template.yml and your supplied values. Run 'dbt debug' to validate the connection.
[0m11:21:01.513648 [debug] [MainThread]: Resource report: {"command_name": "init", "command_success": true, "command_wall_clock_time": 226.3121, "process_user_time": 0.780762, "process_kernel_time": 0.04427, "process_mem_max_rss": "96424", "process_in_blocks": "176", "process_out_blocks": "80"}
[0m11:21:01.514085 [debug] [MainThread]: Command `dbt init` succeeded at 11:21:01.514007 after 226.31 seconds
[0m11:21:01.514358 [debug] [MainThread]: Sending event: {'category': 'dbt', 'action': 'invocation', 'label': 'end', 'context': [<snowplow_tracker.self_describing_json.SelfDescribingJson object at 0x72e3897ba290>, <snowplow_tracker.self_describing_json.SelfDescribingJson object at 0x72e385a79b40>, <snowplow_tracker.self_describing_json.SelfDescribingJson object at 0x72e3891e56f0>]}
[0m11:21:01.514629 [debug] [MainThread]: Flushing usage events
[0m11:28:34.178316 [debug] [MainThread]: Sending event: {'category': 'dbt', 'action': 'invocation', 'label': 'start', 'context': [<snowplow_tracker.self_describing_json.SelfDescribingJson object at 0x741612cb6290>, <snowplow_tracker.self_describing_json.SelfDescribingJson object at 0x74160ef06f50>, <snowplow_tracker.self_describing_json.SelfDescribingJson object at 0x74160ef07250>]}


============================== 11:28:34.180895 | d521ddb9-f0f4-4d1b-bd87-51a4708aa048 ==============================
[0m11:28:34.180895 [info ] [MainThread]: Running with dbt=1.8.8
[0m11:28:34.181433 [debug] [MainThread]: running dbt with arguments {'printer_width': '80', 'indirect_selection': 'eager', 'write_json': 'True', 'log_cache_events': 'False', 'partial_parse': 'True', 'cache_selected_only': 'False', 'profiles_dir': '/home/jtsarmento/.dbt', 'fail_fast': 'False', 'version_check': 'True', 'log_path': 'logs', 'debug': 'False', 'warn_error': 'None', 'use_colors': 'True', 'use_experimental_parser': 'False', 'no_print': 'None', 'quiet': 'False', 'empty': 'None', 'log_format': 'default', 'invocation_command': 'dbt debug', 'warn_error_options': 'WarnErrorOptions(include=[], exclude=[])', 'introspect': 'True', 'target_path': 'None', 'static_parser': 'True', 'send_anonymous_usage_stats': 'True'}
[0m11:28:34.197203 [info ] [MainThread]: dbt version: 1.8.8
[0m11:28:34.197619 [info ] [MainThread]: python version: 3.10.12
[0m11:28:34.197927 [info ] [MainThread]: python path: /usr/bin/python3
[0m11:28:34.198216 [info ] [MainThread]: os info: Linux-6.8.0-76060800daily20240311-generic-x86_64-with-glibc2.35
[0m11:28:34.233228 [info ] [MainThread]: Error importing adapter: No module named 'dbt.adapters.snowflake'
[0m11:28:34.233634 [info ] [MainThread]: Using profiles dir at /home/jtsarmento/.dbt
[0m11:28:34.233823 [info ] [MainThread]: Using profiles.yml file at /home/jtsarmento/.dbt/profiles.yml
[0m11:28:34.233991 [info ] [MainThread]: Using dbt_project.yml file at /home/jtsarmento/Projects/ed_data/dbt_project.yml
[0m11:28:34.234157 [info ] [MainThread]: Configuration:
[0m11:28:34.234313 [info ] [MainThread]:   profiles.yml file [[31mERROR invalid[0m]
[0m11:28:34.234462 [info ] [MainThread]:   dbt_project.yml file [[31mERROR not found[0m]
[0m11:28:34.234612 [info ] [MainThread]: Required dependencies:
[0m11:28:34.234787 [debug] [MainThread]: Executing "git --help"
[0m11:28:34.236644 [debug] [MainThread]: STDOUT: "b"usage: git [--version] [--help] [-C <path>] [-c <name>=<value>]\n           [--exec-path[=<path>]] [--html-path] [--man-path] [--info-path]\n           [-p | --paginate | -P | --no-pager] [--no-replace-objects] [--bare]\n           [--git-dir=<path>] [--work-tree=<path>] [--namespace=<name>]\n           [--super-prefix=<path>] [--config-env=<name>=<envvar>]\n           <command> [<args>]\n\nThese are common Git commands used in various situations:\n\nstart a working area (see also: git help tutorial)\n   clone     Clone a repository into a new directory\n   init      Create an empty Git repository or reinitialize an existing one\n\nwork on the current change (see also: git help everyday)\n   add       Add file contents to the index\n   mv        Move or rename a file, a directory, or a symlink\n   restore   Restore working tree files\n   rm        Remove files from the working tree and from the index\n\nexamine the history and state (see also: git help revisions)\n   bisect    Use binary search to find the commit that introduced a bug\n   diff      Show changes between commits, commit and working tree, etc\n   grep      Print lines matching a pattern\n   log       Show commit logs\n   show      Show various types of objects\n   status    Show the working tree status\n\ngrow, mark and tweak your common history\n   branch    List, create, or delete branches\n   commit    Record changes to the repository\n   merge     Join two or more development histories together\n   rebase    Reapply commits on top of another base tip\n   reset     Reset current HEAD to the specified state\n   switch    Switch branches\n   tag       Create, list, delete or verify a tag object signed with GPG\n\ncollaborate (see also: git help workflows)\n   fetch     Download objects and refs from another repository\n   pull      Fetch from and integrate with another repository or a local branch\n   push      Update remote refs along with associated objects\n\n'git help -a' and 'git help -g' list available subcommands and some\nconcept guides. See 'git help <command>' or 'git help <concept>'\nto read about a specific subcommand or concept.\nSee 'git help git' for an overview of the system.\n""
[0m11:28:34.237171 [debug] [MainThread]: STDERR: "b''"
[0m11:28:34.237358 [info ] [MainThread]:  - git [[32mOK found[0m]

[0m11:28:34.237542 [info ] [MainThread]: Connection test skipped since no profile was found
[0m11:28:34.237742 [info ] [MainThread]: [31m2 checks failed:[0m
[0m11:28:34.237927 [info ] [MainThread]: Could not load dbt_project.yml
Profile loading failed for the following reason:
Runtime Error
  Credentials in profile "dbtlearn", target "dev" invalid: Runtime Error
    Could not find adapter type snowflake!


[0m11:28:34.238102 [info ] [MainThread]: Project loading failed for the following reason:
 project path </home/jtsarmento/Projects/ed_data/dbt_project.yml> not found

[0m11:28:34.238597 [debug] [MainThread]: Resource report: {"command_name": "debug", "command_wall_clock_time": 0.09007502, "process_user_time": 0.745687, "process_kernel_time": 0.043863, "process_mem_max_rss": "96940", "process_in_blocks": "40", "process_out_blocks": "24", "command_success": false}
[0m11:28:34.239103 [debug] [MainThread]: Command `dbt debug` failed at 11:28:34.239004 after 0.09 seconds
[0m11:28:34.239426 [debug] [MainThread]: Sending event: {'category': 'dbt', 'action': 'invocation', 'label': 'end', 'context': [<snowplow_tracker.self_describing_json.SelfDescribingJson object at 0x741612cb6290>, <snowplow_tracker.self_describing_json.SelfDescribingJson object at 0x7416126e4400>, <snowplow_tracker.self_describing_json.SelfDescribingJson object at 0x74160f1c8d90>]}
[0m11:28:34.239753 [debug] [MainThread]: Flushing usage events
